{
  "uid" : "a53ef856d5e06bc4",
  "name" : "TestLikeDislike.test_click_like_dislike11",
  "fullName" : "scripts.test_like_dislike.TestLikeDislike.test_click_like_dislike11",
  "historyId" : "28de293b8b932997013639dc90e3b4f5",
  "time" : {
    "start" : 1599400744675,
    "stop" : 1599400804336,
    "duration" : 59661
  },
  "description" : "",
  "descriptionHtml" : "",
  "status" : "passed",
  "statusMessage" : "TimeoutException: Message: \n",
  "statusTrace" : "self = <scripts.test_like_dislike.TestLikeDislike object at 0x0000018307CFE940>\n\n    def test_click_like_dislike11(self):\n        time.sleep(2)\n        # 首页点击键盘\n        self.page.homepage.click_keyboard()\n        # 对话页输入“你好”\n>       self.page.sessionpage.input_keyboard_input(\"今天天气\")\n\nscripts\\test_like_dislike.py:178: \n_ _ _ _ _ _ _ _ _ _ _ _ _ _ _ _ _ _ _ _ _ _ _ _ _ _ _ _ _ _ _ _ _ _ _ _ _ _ _ _ _ _ _ _ _ _ _ _ _ _ _ _ _ _ _ _ _ _ _ _ _ _ _ _ _ _ _ _ _ _ _ \npage\\sessionpage.py:42: in input_keyboard_input\n    self.input(self.keyboard_input,message)\nbase\\base_action.py:24: in input\n    self.find_element6(feature).send_keys(text)\nbase\\base_action.py:17: in find_element6\n    return WebDriverWait(self.driver, timeout, poll).until(lambda x:x.find_element(by, value))\n_ _ _ _ _ _ _ _ _ _ _ _ _ _ _ _ _ _ _ _ _ _ _ _ _ _ _ _ _ _ _ _ _ _ _ _ _ _ _ _ _ _ _ _ _ _ _ _ _ _ _ _ _ _ _ _ _ _ _ _ _ _ _ _ _ _ _ _ _ _ _ \n\nself = <selenium.webdriver.support.wait.WebDriverWait (session=\"71580d6a-8b1a-44e9-8dc2-e784ae522d65\")>\nmethod = <function BaseAction.find_element6.<locals>.<lambda> at 0x0000018307CB4C80>, message = ''\n\n    def until(self, method, message=''):\n        \"\"\"Calls the method provided with the driver as an argument until the \\\n            return value is not False.\"\"\"\n        screen = None\n        stacktrace = None\n    \n        end_time = time.time() + self._timeout\n        while True:\n            try:\n                value = method(self._driver)\n                if value:\n                    return value\n            except self._ignored_exceptions as exc:\n                screen = getattr(exc, 'screen', None)\n                stacktrace = getattr(exc, 'stacktrace', None)\n            time.sleep(self._poll)\n            if time.time() > end_time:\n                break\n>       raise TimeoutException(message, screen, stacktrace)\nE       selenium.common.exceptions.TimeoutException: Message:\n\nd:\\python36\\lib\\site-packages\\selenium\\webdriver\\support\\wait.py:80: TimeoutException",
  "flaky" : false,
  "beforeStages" : [ ],
  "afterStages" : [ ],
  "labels" : [ {
    "name" : "framework",
    "value" : "pytest"
  }, {
    "name" : "host",
    "value" : "PC202009061813"
  }, {
    "name" : "language",
    "value" : "cpython3"
  }, {
    "name" : "severity",
    "value" : "normal"
  }, {
    "name" : "thread",
    "value" : "13896-MainThread"
  }, {
    "name" : "suite",
    "value" : "scripts.test_like_dislike"
  }, {
    "name" : "testClass",
    "value" : "scripts.test_like_dislike"
  }, {
    "name" : "testMethod",
    "value" : "TestLikeDislike.test_click_like_dislike11"
  }, {
    "name" : "package",
    "value" : "scripts.test_like_dislike"
  }, {
    "name" : "resultFormat",
    "value" : "allure1"
  } ],
  "parameters" : [ ],
  "links" : [ ],
  "hidden" : false,
  "retry" : false,
  "extra" : {
    "severity" : "normal",
    "retries" : [ ],
    "categories" : [ ],
    "tags" : [ ]
  },
  "source" : "a53ef856d5e06bc4.json",
  "parameterValues" : [ ]
}