{
  "uid" : "e9bc9e58ba1c34f5",
  "name" : "TestMyTrain.test_click_addtrain07",
  "fullName" : "scripts.test_my_train.TestMyTrain.test_click_addtrain07",
  "historyId" : "439ce832659866149b664ec4aa4fedbd",
  "time" : {
    "start" : 1599403248900,
    "stop" : 1599403453537,
    "duration" : 204637
  },
  "description" : "",
  "descriptionHtml" : "",
  "status" : "failed",
  "statusMessage" : "TimeoutException: Message: \n",
  "statusTrace" : "self = <scripts.test_my_train.TestMyTrain object at 0x0000018307DBD9E8>\n\n    def test_click_addtrain07(self):\n        # 首页点击个人中心按钮\n        self.page.homepage.click_center_button()\n        # 点击我的训练\n        self.page.centerpage.click_my_train()\n        time.sleep(2)\n        # 点击我的训练-示例或者新建训练计划右上角的三个点\n        self.page.addtrainpage.click_trainsetup()\n        time.sleep(3)\n        print(self.driver.page_source)\n>       print(self.page.addtrainpage.get_text(self.page.addtrainpage.edit_button))\n\nscripts\\test_my_train.py:217: \n_ _ _ _ _ _ _ _ _ _ _ _ _ _ _ _ _ _ _ _ _ _ _ _ _ _ _ _ _ _ _ _ _ _ _ _ _ _ _ _ _ _ _ _ _ _ _ _ _ _ _ _ _ _ _ _ _ _ _ _ _ _ _ _ _ _ _ _ _ _ _ \nbase\\base_action.py:27: in get_text\n    return self.find_element6(feature).text\nbase\\base_action.py:17: in find_element6\n    return WebDriverWait(self.driver, timeout, poll).until(lambda x:x.find_element(by, value))\n_ _ _ _ _ _ _ _ _ _ _ _ _ _ _ _ _ _ _ _ _ _ _ _ _ _ _ _ _ _ _ _ _ _ _ _ _ _ _ _ _ _ _ _ _ _ _ _ _ _ _ _ _ _ _ _ _ _ _ _ _ _ _ _ _ _ _ _ _ _ _ \n\nself = <selenium.webdriver.support.wait.WebDriverWait (session=\"64a04d04-e717-42e8-b820-c44f359a9f55\")>\nmethod = <function BaseAction.find_element6.<locals>.<lambda> at 0x0000018307DE4510>, message = ''\n\n    def until(self, method, message=''):\n        \"\"\"Calls the method provided with the driver as an argument until the \\\n            return value is not False.\"\"\"\n        screen = None\n        stacktrace = None\n    \n        end_time = time.time() + self._timeout\n        while True:\n            try:\n                value = method(self._driver)\n                if value:\n                    return value\n            except self._ignored_exceptions as exc:\n                screen = getattr(exc, 'screen', None)\n                stacktrace = getattr(exc, 'stacktrace', None)\n            time.sleep(self._poll)\n            if time.time() > end_time:\n                break\n>       raise TimeoutException(message, screen, stacktrace)\nE       selenium.common.exceptions.TimeoutException: Message:\n\nd:\\python36\\lib\\site-packages\\selenium\\webdriver\\support\\wait.py:80: TimeoutException",
  "flaky" : false,
  "beforeStages" : [ ],
  "afterStages" : [ ],
  "labels" : [ {
    "name" : "framework",
    "value" : "pytest"
  }, {
    "name" : "host",
    "value" : "PC202009061813"
  }, {
    "name" : "language",
    "value" : "cpython3"
  }, {
    "name" : "severity",
    "value" : "normal"
  }, {
    "name" : "thread",
    "value" : "13896-MainThread"
  }, {
    "name" : "suite",
    "value" : "scripts.test_my_train"
  }, {
    "name" : "testClass",
    "value" : "scripts.test_my_train"
  }, {
    "name" : "testMethod",
    "value" : "TestMyTrain.test_click_addtrain07"
  }, {
    "name" : "package",
    "value" : "scripts.test_my_train"
  }, {
    "name" : "resultFormat",
    "value" : "allure1"
  } ],
  "parameters" : [ ],
  "links" : [ ],
  "hidden" : false,
  "retry" : false,
  "extra" : {
    "severity" : "normal",
    "retries" : [ ],
    "categories" : [ {
      "name" : "Product defects",
      "matchedStatuses" : [ ],
      "flaky" : false
    } ],
    "tags" : [ ]
  },
  "source" : "e9bc9e58ba1c34f5.json",
  "parameterValues" : [ ]
}